2023-10-09 06:35:51.524  INFO 11944 --- [restartedMain] com.ndgroups.pillars.PillarsApplication  : Starting PillarsApplication using Java 18.0.1.1 on DESKTOP-J6IUFTC with PID 11944 (C:\Users\Idokoken\Desktop\ict_exercise\projects\java\pillars\target\classes started by Idokoken in C:\Users\Idokoken\Desktop\ict_exercise\projects\java\pillars)
2023-10-09 06:35:51.839  INFO 11944 --- [restartedMain] com.ndgroups.pillars.PillarsApplication  : No active profile set, falling back to 1 default profile: "default"
2023-10-09 06:35:52.621  INFO 11944 --- [restartedMain] .e.DevToolsPropertyDefaultsPostProcessor : Devtools property defaults active! Set 'spring.devtools.add-properties' to 'false' to disable
2023-10-09 06:35:52.622  INFO 11944 --- [restartedMain] .e.DevToolsPropertyDefaultsPostProcessor : For additional web related logging consider setting the 'logging.level.web' property to 'DEBUG'
2023-10-09 06:36:00.479  INFO 11944 --- [restartedMain] .s.d.r.c.RepositoryConfigurationDelegate : Bootstrapping Spring Data JPA repositories in DEFAULT mode.
2023-10-09 06:36:01.407  INFO 11944 --- [restartedMain] .s.d.r.c.RepositoryConfigurationDelegate : Finished Spring Data repository scanning in 432 ms. Found 1 JPA repository interfaces.
2023-10-09 06:36:02.770  WARN 11944 --- [restartedMain] o.m.s.mapper.ClassPathMapperScanner      : No MyBatis mapper was found in '[com.ndgroups.pillars]' package. Please check your configuration.
2023-10-09 06:36:07.675  INFO 11944 --- [restartedMain] o.s.b.w.embedded.tomcat.TomcatWebServer  : Tomcat initialized with port(s): 8086 (http)
2023-10-09 06:36:07.777  INFO 11944 --- [restartedMain] o.apache.catalina.core.StandardService   : Starting service [Tomcat]
2023-10-09 06:36:07.779  INFO 11944 --- [restartedMain] org.apache.catalina.core.StandardEngine  : Starting Servlet engine: [Apache Tomcat/9.0.68]
2023-10-09 06:36:08.457  INFO 11944 --- [restartedMain] o.a.c.c.C.[Tomcat].[localhost].[/]       : Initializing Spring embedded WebApplicationContext
2023-10-09 06:36:08.466  INFO 11944 --- [restartedMain] w.s.c.ServletWebServerApplicationContext : Root WebApplicationContext: initialization completed in 15838 ms
2023-10-09 06:36:09.203  INFO 11944 --- [restartedMain] com.zaxxer.hikari.HikariDataSource       : HikariPool-1 - Starting...
2023-10-09 06:36:11.268  INFO 11944 --- [restartedMain] com.zaxxer.hikari.HikariDataSource       : HikariPool-1 - Start completed.
2023-10-09 06:36:11.479  INFO 11944 --- [restartedMain] o.s.b.a.h2.H2ConsoleAutoConfiguration    : H2 console available at '/h2-console'. Database available at 'jdbc:h2:C:/Users/Idokoken/Desktop/ict_exercise/sql/pillars'
2023-10-09 06:36:12.666  INFO 11944 --- [restartedMain] o.hibernate.jpa.internal.util.LogHelper  : HHH000204: Processing PersistenceUnitInfo [name: default]
2023-10-09 06:36:13.089  INFO 11944 --- [restartedMain] org.hibernate.Version                    : HHH000412: Hibernate ORM core version 5.6.12.Final
2023-10-09 06:36:14.690  INFO 11944 --- [restartedMain] o.hibernate.annotations.common.Version   : HCANN000001: Hibernate Commons Annotations {5.1.2.Final}
2023-10-09 06:36:16.305  INFO 11944 --- [restartedMain] org.hibernate.dialect.Dialect            : HHH000400: Using dialect: org.hibernate.dialect.H2Dialect
2023-10-09 06:36:19.623  INFO 11944 --- [restartedMain] o.h.e.t.j.p.i.JtaPlatformInitiator       : HHH000490: Using JtaPlatform implementation: [org.hibernate.engine.transaction.jta.platform.internal.NoJtaPlatform]
2023-10-09 06:36:19.644  INFO 11944 --- [restartedMain] j.LocalContainerEntityManagerFactoryBean : Initialized JPA EntityManagerFactory for persistence unit 'default'
2023-10-09 06:36:22.261  WARN 11944 --- [restartedMain] JpaBaseConfiguration$JpaWebConfiguration : spring.jpa.open-in-view is enabled by default. Therefore, database queries may be performed during view rendering. Explicitly configure spring.jpa.open-in-view to disable this warning
2023-10-09 06:36:23.590  INFO 11944 --- [restartedMain] o.s.b.a.w.s.WelcomePageHandlerMapping    : Adding welcome page template: index
2023-10-09 06:36:27.053  INFO 11944 --- [restartedMain] o.s.b.d.a.OptionalLiveReloadServer       : LiveReload server is running on port 35729
2023-10-09 06:36:27.377  INFO 11944 --- [restartedMain] o.s.b.w.embedded.tomcat.TomcatWebServer  : Tomcat started on port(s): 8086 (http) with context path ''
2023-10-09 06:36:27.454  INFO 11944 --- [restartedMain] com.ndgroups.pillars.PillarsApplication  : Started PillarsApplication in 41.751 seconds (JVM running for 51.838)
2023-10-09 06:43:04.307  INFO 11944 --- [http-nio-8086-exec-1] o.a.c.c.C.[Tomcat].[localhost].[/]       : Initializing Spring DispatcherServlet 'dispatcherServlet'
2023-10-09 06:43:04.308  INFO 11944 --- [http-nio-8086-exec-1] o.s.web.servlet.DispatcherServlet        : Initializing Servlet 'dispatcherServlet'
2023-10-09 06:43:04.316  INFO 11944 --- [http-nio-8086-exec-1] o.s.web.servlet.DispatcherServlet        : Completed initialization in 7 ms
2023-10-09 09:33:28.305  INFO 11944 --- [SpringApplicationShutdownHook] j.LocalContainerEntityManagerFactoryBean : Closing JPA EntityManagerFactory for persistence unit 'default'
2023-10-09 09:33:29.785  INFO 11944 --- [SpringApplicationShutdownHook] com.zaxxer.hikari.HikariDataSource       : HikariPool-1 - Shutdown initiated...
2023-10-09 09:33:30.915  INFO 11944 --- [SpringApplicationShutdownHook] com.zaxxer.hikari.HikariDataSource       : HikariPool-1 - Shutdown completed.
2023-10-09 09:34:29.023  INFO 6344 --- [restartedMain] com.ndgroups.pillars.PillarsApplication  : Starting PillarsApplication using Java 18.0.1.1 on DESKTOP-J6IUFTC with PID 6344 (C:\Users\Idokoken\Desktop\ict_exercise\projects\java\pillars\target\classes started by Idokoken in C:\Users\Idokoken\Desktop\ict_exercise\projects\java\pillars)
2023-10-09 09:34:29.030  INFO 6344 --- [restartedMain] com.ndgroups.pillars.PillarsApplication  : No active profile set, falling back to 1 default profile: "default"
2023-10-09 09:34:29.547  INFO 6344 --- [restartedMain] .e.DevToolsPropertyDefaultsPostProcessor : Devtools property defaults active! Set 'spring.devtools.add-properties' to 'false' to disable
2023-10-09 09:34:29.548  INFO 6344 --- [restartedMain] .e.DevToolsPropertyDefaultsPostProcessor : For additional web related logging consider setting the 'logging.level.web' property to 'DEBUG'
2023-10-09 09:34:36.190  INFO 6344 --- [restartedMain] .s.d.r.c.RepositoryConfigurationDelegate : Bootstrapping Spring Data JPA repositories in DEFAULT mode.
2023-10-09 09:34:36.495  INFO 6344 --- [restartedMain] .s.d.r.c.RepositoryConfigurationDelegate : Finished Spring Data repository scanning in 265 ms. Found 1 JPA repository interfaces.
2023-10-09 09:34:37.648  WARN 6344 --- [restartedMain] o.m.s.mapper.ClassPathMapperScanner      : No MyBatis mapper was found in '[com.ndgroups.pillars]' package. Please check your configuration.
2023-10-09 09:34:44.054  INFO 6344 --- [restartedMain] o.s.b.w.embedded.tomcat.TomcatWebServer  : Tomcat initialized with port(s): 8086 (http)
2023-10-09 09:34:44.624  INFO 6344 --- [restartedMain] o.apache.catalina.core.StandardService   : Starting service [Tomcat]
2023-10-09 09:34:44.627  INFO 6344 --- [restartedMain] org.apache.catalina.core.StandardEngine  : Starting Servlet engine: [Apache Tomcat/9.0.68]
2023-10-09 09:34:45.195  INFO 6344 --- [restartedMain] o.a.c.c.C.[Tomcat].[localhost].[/]       : Initializing Spring embedded WebApplicationContext
2023-10-09 09:34:45.196  INFO 6344 --- [restartedMain] w.s.c.ServletWebServerApplicationContext : Root WebApplicationContext: initialization completed in 15629 ms
2023-10-09 09:34:45.378  INFO 6344 --- [restartedMain] com.zaxxer.hikari.HikariDataSource       : HikariPool-1 - Starting...
2023-10-09 09:34:46.589  INFO 6344 --- [restartedMain] com.zaxxer.hikari.HikariDataSource       : HikariPool-1 - Start completed.
2023-10-09 09:34:46.638  INFO 6344 --- [restartedMain] o.s.b.a.h2.H2ConsoleAutoConfiguration    : H2 console available at '/h2-console'. Database available at 'jdbc:h2:C:/Users/Idokoken/Desktop/ict_exercise/sql/pillars'
2023-10-09 09:34:47.618  INFO 6344 --- [restartedMain] o.hibernate.jpa.internal.util.LogHelper  : HHH000204: Processing PersistenceUnitInfo [name: default]
2023-10-09 09:34:48.097  INFO 6344 --- [restartedMain] org.hibernate.Version                    : HHH000412: Hibernate ORM core version 5.6.12.Final
2023-10-09 09:34:49.205  INFO 6344 --- [restartedMain] o.hibernate.annotations.common.Version   : HCANN000001: Hibernate Commons Annotations {5.1.2.Final}
2023-10-09 09:34:49.957  INFO 6344 --- [restartedMain] org.hibernate.dialect.Dialect            : HHH000400: Using dialect: org.hibernate.dialect.H2Dialect
2023-10-09 09:34:53.638  INFO 6344 --- [restartedMain] o.h.e.t.j.p.i.JtaPlatformInitiator       : HHH000490: Using JtaPlatform implementation: [org.hibernate.engine.transaction.jta.platform.internal.NoJtaPlatform]
2023-10-09 09:34:53.663  INFO 6344 --- [restartedMain] j.LocalContainerEntityManagerFactoryBean : Initialized JPA EntityManagerFactory for persistence unit 'default'
2023-10-09 09:34:56.009  WARN 6344 --- [restartedMain] JpaBaseConfiguration$JpaWebConfiguration : spring.jpa.open-in-view is enabled by default. Therefore, database queries may be performed during view rendering. Explicitly configure spring.jpa.open-in-view to disable this warning
2023-10-09 09:34:56.999  INFO 6344 --- [restartedMain] o.s.b.a.w.s.WelcomePageHandlerMapping    : Adding welcome page template: index
2023-10-09 09:35:00.347  INFO 6344 --- [restartedMain] o.s.b.d.a.OptionalLiveReloadServer       : LiveReload server is running on port 35729
2023-10-09 09:35:00.685  INFO 6344 --- [restartedMain] o.s.b.w.embedded.tomcat.TomcatWebServer  : Tomcat started on port(s): 8086 (http) with context path ''
2023-10-09 09:35:00.760  INFO 6344 --- [restartedMain] com.ndgroups.pillars.PillarsApplication  : Started PillarsApplication in 37.261 seconds (JVM running for 51.1)
2023-10-09 09:35:15.447  INFO 6344 --- [http-nio-8086-exec-1] o.a.c.c.C.[Tomcat].[localhost].[/]       : Initializing Spring DispatcherServlet 'dispatcherServlet'
2023-10-09 09:35:15.453  INFO 6344 --- [http-nio-8086-exec-1] o.s.web.servlet.DispatcherServlet        : Initializing Servlet 'dispatcherServlet'
2023-10-09 09:35:15.458  INFO 6344 --- [http-nio-8086-exec-1] o.s.web.servlet.DispatcherServlet        : Completed initialization in 3 ms
2023-10-09 10:02:13.873  INFO 6344 --- [SpringApplicationShutdownHook] j.LocalContainerEntityManagerFactoryBean : Closing JPA EntityManagerFactory for persistence unit 'default'
2023-10-09 10:02:13.935  INFO 6344 --- [SpringApplicationShutdownHook] com.zaxxer.hikari.HikariDataSource       : HikariPool-1 - Shutdown initiated...
2023-10-09 10:02:14.017  INFO 6344 --- [SpringApplicationShutdownHook] com.zaxxer.hikari.HikariDataSource       : HikariPool-1 - Shutdown completed.
2023-10-09 10:02:51.650  INFO 7868 --- [restartedMain] com.ndgroups.pillars.PillarsApplication  : Starting PillarsApplication using Java 18.0.1.1 on DESKTOP-J6IUFTC with PID 7868 (C:\Users\Idokoken\Desktop\ict_exercise\projects\java\pillars\target\classes started by Idokoken in C:\Users\Idokoken\Desktop\ict_exercise\projects\java\pillars)
2023-10-09 10:02:51.658  INFO 7868 --- [restartedMain] com.ndgroups.pillars.PillarsApplication  : No active profile set, falling back to 1 default profile: "default"
2023-10-09 10:02:52.364  INFO 7868 --- [restartedMain] .e.DevToolsPropertyDefaultsPostProcessor : Devtools property defaults active! Set 'spring.devtools.add-properties' to 'false' to disable
2023-10-09 10:02:52.365  INFO 7868 --- [restartedMain] .e.DevToolsPropertyDefaultsPostProcessor : For additional web related logging consider setting the 'logging.level.web' property to 'DEBUG'
2023-10-09 10:02:57.789  INFO 7868 --- [restartedMain] .s.d.r.c.RepositoryConfigurationDelegate : Bootstrapping Spring Data JPA repositories in DEFAULT mode.
2023-10-09 10:02:58.166  INFO 7868 --- [restartedMain] .s.d.r.c.RepositoryConfigurationDelegate : Finished Spring Data repository scanning in 337 ms. Found 1 JPA repository interfaces.
2023-10-09 10:02:58.963  WARN 7868 --- [restartedMain] o.m.s.mapper.ClassPathMapperScanner      : No MyBatis mapper was found in '[com.ndgroups.pillars]' package. Please check your configuration.
2023-10-09 10:03:02.654  INFO 7868 --- [restartedMain] o.s.b.w.embedded.tomcat.TomcatWebServer  : Tomcat initialized with port(s): 8086 (http)
2023-10-09 10:03:02.742  INFO 7868 --- [restartedMain] o.apache.catalina.core.StandardService   : Starting service [Tomcat]
2023-10-09 10:03:02.745  INFO 7868 --- [restartedMain] org.apache.catalina.core.StandardEngine  : Starting Servlet engine: [Apache Tomcat/9.0.68]
2023-10-09 10:03:03.299  INFO 7868 --- [restartedMain] o.a.c.c.C.[Tomcat].[localhost].[/]       : Initializing Spring embedded WebApplicationContext
2023-10-09 10:03:03.301  INFO 7868 --- [restartedMain] w.s.c.ServletWebServerApplicationContext : Root WebApplicationContext: initialization completed in 10911 ms
2023-10-09 10:03:03.492  INFO 7868 --- [restartedMain] com.zaxxer.hikari.HikariDataSource       : HikariPool-1 - Starting...
2023-10-09 10:03:04.587  INFO 7868 --- [restartedMain] com.zaxxer.hikari.HikariDataSource       : HikariPool-1 - Start completed.
2023-10-09 10:03:04.624  INFO 7868 --- [restartedMain] o.s.b.a.h2.H2ConsoleAutoConfiguration    : H2 console available at '/h2-console'. Database available at 'jdbc:h2:C:/Users/Idokoken/Desktop/ict_exercise/sql/pillars'
2023-10-09 10:03:05.678  INFO 7868 --- [restartedMain] o.hibernate.jpa.internal.util.LogHelper  : HHH000204: Processing PersistenceUnitInfo [name: default]
2023-10-09 10:03:05.983  INFO 7868 --- [restartedMain] org.hibernate.Version                    : HHH000412: Hibernate ORM core version 5.6.12.Final
2023-10-09 10:03:06.856  INFO 7868 --- [restartedMain] o.hibernate.annotations.common.Version   : HCANN000001: Hibernate Commons Annotations {5.1.2.Final}
2023-10-09 10:03:07.456  INFO 7868 --- [restartedMain] org.hibernate.dialect.Dialect            : HHH000400: Using dialect: org.hibernate.dialect.H2Dialect
2023-10-09 10:03:09.723  INFO 7868 --- [restartedMain] o.h.e.t.j.p.i.JtaPlatformInitiator       : HHH000490: Using JtaPlatform implementation: [org.hibernate.engine.transaction.jta.platform.internal.NoJtaPlatform]
2023-10-09 10:03:09.769  INFO 7868 --- [restartedMain] j.LocalContainerEntityManagerFactoryBean : Initialized JPA EntityManagerFactory for persistence unit 'default'
2023-10-09 10:03:12.098  WARN 7868 --- [restartedMain] JpaBaseConfiguration$JpaWebConfiguration : spring.jpa.open-in-view is enabled by default. Therefore, database queries may be performed during view rendering. Explicitly configure spring.jpa.open-in-view to disable this warning
2023-10-09 10:03:12.808  INFO 7868 --- [restartedMain] o.s.b.a.w.s.WelcomePageHandlerMapping    : Adding welcome page template: index
2023-10-09 10:03:15.496  INFO 7868 --- [restartedMain] o.s.b.d.a.OptionalLiveReloadServer       : LiveReload server is running on port 35729
2023-10-09 10:03:15.692  INFO 7868 --- [restartedMain] o.s.b.w.embedded.tomcat.TomcatWebServer  : Tomcat started on port(s): 8086 (http) with context path ''
2023-10-09 10:03:16.028  INFO 7868 --- [restartedMain] com.ndgroups.pillars.PillarsApplication  : Started PillarsApplication in 28.262 seconds (JVM running for 38.142)
2023-10-09 10:03:56.837  INFO 7868 --- [http-nio-8086-exec-1] o.a.c.c.C.[Tomcat].[localhost].[/]       : Initializing Spring DispatcherServlet 'dispatcherServlet'
2023-10-09 10:03:56.840  INFO 7868 --- [http-nio-8086-exec-1] o.s.web.servlet.DispatcherServlet        : Initializing Servlet 'dispatcherServlet'
2023-10-09 10:03:56.855  INFO 7868 --- [http-nio-8086-exec-1] o.s.web.servlet.DispatcherServlet        : Completed initialization in 14 ms
2023-10-09 10:16:01.359  INFO 7868 --- [SpringApplicationShutdownHook] j.LocalContainerEntityManagerFactoryBean : Closing JPA EntityManagerFactory for persistence unit 'default'
2023-10-09 10:16:01.391  INFO 7868 --- [SpringApplicationShutdownHook] com.zaxxer.hikari.HikariDataSource       : HikariPool-1 - Shutdown initiated...
2023-10-09 10:16:01.403  INFO 7868 --- [SpringApplicationShutdownHook] com.zaxxer.hikari.HikariDataSource       : HikariPool-1 - Shutdown completed.
2023-10-09 10:16:23.166  INFO 13396 --- [restartedMain] com.ndgroups.pillars.PillarsApplication  : Starting PillarsApplication using Java 18.0.1.1 on DESKTOP-J6IUFTC with PID 13396 (C:\Users\Idokoken\Desktop\ict_exercise\projects\java\pillars\target\classes started by Idokoken in C:\Users\Idokoken\Desktop\ict_exercise\projects\java\pillars)
2023-10-09 10:16:23.183  INFO 13396 --- [restartedMain] com.ndgroups.pillars.PillarsApplication  : No active profile set, falling back to 1 default profile: "default"
2023-10-09 10:16:23.566  INFO 13396 --- [restartedMain] .e.DevToolsPropertyDefaultsPostProcessor : Devtools property defaults active! Set 'spring.devtools.add-properties' to 'false' to disable
2023-10-09 10:16:23.567  INFO 13396 --- [restartedMain] .e.DevToolsPropertyDefaultsPostProcessor : For additional web related logging consider setting the 'logging.level.web' property to 'DEBUG'
2023-10-09 10:16:28.059  INFO 13396 --- [restartedMain] .s.d.r.c.RepositoryConfigurationDelegate : Bootstrapping Spring Data JPA repositories in DEFAULT mode.
2023-10-09 10:16:28.341  INFO 13396 --- [restartedMain] .s.d.r.c.RepositoryConfigurationDelegate : Finished Spring Data repository scanning in 241 ms. Found 1 JPA repository interfaces.
2023-10-09 10:16:29.004  WARN 13396 --- [restartedMain] o.m.s.mapper.ClassPathMapperScanner      : No MyBatis mapper was found in '[com.ndgroups.pillars]' package. Please check your configuration.
2023-10-09 10:16:32.304  INFO 13396 --- [restartedMain] o.s.b.w.embedded.tomcat.TomcatWebServer  : Tomcat initialized with port(s): 8086 (http)
2023-10-09 10:16:32.374  INFO 13396 --- [restartedMain] o.apache.catalina.core.StandardService   : Starting service [Tomcat]
2023-10-09 10:16:32.377  INFO 13396 --- [restartedMain] org.apache.catalina.core.StandardEngine  : Starting Servlet engine: [Apache Tomcat/9.0.68]
2023-10-09 10:16:32.973  INFO 13396 --- [restartedMain] o.a.c.c.C.[Tomcat].[localhost].[/]       : Initializing Spring embedded WebApplicationContext
2023-10-09 10:16:32.974  INFO 13396 --- [restartedMain] w.s.c.ServletWebServerApplicationContext : Root WebApplicationContext: initialization completed in 9398 ms
2023-10-09 10:16:33.126  INFO 13396 --- [restartedMain] com.zaxxer.hikari.HikariDataSource       : HikariPool-1 - Starting...
2023-10-09 10:16:34.531  INFO 13396 --- [restartedMain] com.zaxxer.hikari.HikariDataSource       : HikariPool-1 - Start completed.
2023-10-09 10:16:34.573  INFO 13396 --- [restartedMain] o.s.b.a.h2.H2ConsoleAutoConfiguration    : H2 console available at '/h2-console'. Database available at 'jdbc:h2:C:/Users/Idokoken/Desktop/ict_exercise/sql/pillars'
2023-10-09 10:16:35.590  INFO 13396 --- [restartedMain] o.hibernate.jpa.internal.util.LogHelper  : HHH000204: Processing PersistenceUnitInfo [name: default]
2023-10-09 10:16:35.984  INFO 13396 --- [restartedMain] org.hibernate.Version                    : HHH000412: Hibernate ORM core version 5.6.12.Final
2023-10-09 10:16:37.458  INFO 13396 --- [restartedMain] o.hibernate.annotations.common.Version   : HCANN000001: Hibernate Commons Annotations {5.1.2.Final}
2023-10-09 10:16:39.034  INFO 13396 --- [restartedMain] org.hibernate.dialect.Dialect            : HHH000400: Using dialect: org.hibernate.dialect.H2Dialect
2023-10-09 10:16:42.377  INFO 13396 --- [restartedMain] o.h.e.t.j.p.i.JtaPlatformInitiator       : HHH000490: Using JtaPlatform implementation: [org.hibernate.engine.transaction.jta.platform.internal.NoJtaPlatform]
2023-10-09 10:16:42.404  INFO 13396 --- [restartedMain] j.LocalContainerEntityManagerFactoryBean : Initialized JPA EntityManagerFactory for persistence unit 'default'
2023-10-09 10:16:45.561  WARN 13396 --- [restartedMain] JpaBaseConfiguration$JpaWebConfiguration : spring.jpa.open-in-view is enabled by default. Therefore, database queries may be performed during view rendering. Explicitly configure spring.jpa.open-in-view to disable this warning
2023-10-09 10:16:46.778  INFO 13396 --- [restartedMain] o.s.b.a.w.s.WelcomePageHandlerMapping    : Adding welcome page template: index
2023-10-09 10:16:49.856  INFO 13396 --- [restartedMain] o.s.b.d.a.OptionalLiveReloadServer       : LiveReload server is running on port 35729
2023-10-09 10:16:49.999  INFO 13396 --- [restartedMain] o.s.b.w.embedded.tomcat.TomcatWebServer  : Tomcat started on port(s): 8086 (http) with context path ''
2023-10-09 10:16:50.066  INFO 13396 --- [restartedMain] com.ndgroups.pillars.PillarsApplication  : Started PillarsApplication in 28.87 seconds (JVM running for 33.705)
2023-10-09 10:18:56.768  INFO 13396 --- [http-nio-8086-exec-1] o.a.c.c.C.[Tomcat].[localhost].[/]       : Initializing Spring DispatcherServlet 'dispatcherServlet'
2023-10-09 10:18:56.815  INFO 13396 --- [http-nio-8086-exec-1] o.s.web.servlet.DispatcherServlet        : Initializing Servlet 'dispatcherServlet'
2023-10-09 10:18:56.831  INFO 13396 --- [http-nio-8086-exec-1] o.s.web.servlet.DispatcherServlet        : Completed initialization in 6 ms
2023-10-09 11:05:46.976  INFO 13396 --- [SpringApplicationShutdownHook] j.LocalContainerEntityManagerFactoryBean : Closing JPA EntityManagerFactory for persistence unit 'default'
2023-10-09 11:05:47.227  INFO 13396 --- [SpringApplicationShutdownHook] com.zaxxer.hikari.HikariDataSource       : HikariPool-1 - Shutdown initiated...
2023-10-09 11:05:47.242  INFO 13396 --- [SpringApplicationShutdownHook] com.zaxxer.hikari.HikariDataSource       : HikariPool-1 - Shutdown completed.
2023-10-09 11:06:32.437  INFO 11992 --- [restartedMain] com.ndgroups.pillars.PillarsApplication  : Starting PillarsApplication using Java 18.0.1.1 on DESKTOP-J6IUFTC with PID 11992 (C:\Users\Idokoken\Desktop\ict_exercise\projects\java\pillars\target\classes started by Idokoken in C:\Users\Idokoken\Desktop\ict_exercise\projects\java\pillars)
2023-10-09 11:06:32.442  INFO 11992 --- [restartedMain] com.ndgroups.pillars.PillarsApplication  : No active profile set, falling back to 1 default profile: "default"
2023-10-09 11:06:33.072  INFO 11992 --- [restartedMain] .e.DevToolsPropertyDefaultsPostProcessor : Devtools property defaults active! Set 'spring.devtools.add-properties' to 'false' to disable
2023-10-09 11:06:33.072  INFO 11992 --- [restartedMain] .e.DevToolsPropertyDefaultsPostProcessor : For additional web related logging consider setting the 'logging.level.web' property to 'DEBUG'
2023-10-09 11:06:40.639  INFO 11992 --- [restartedMain] .s.d.r.c.RepositoryConfigurationDelegate : Bootstrapping Spring Data JPA repositories in DEFAULT mode.
2023-10-09 11:06:41.068  INFO 11992 --- [restartedMain] .s.d.r.c.RepositoryConfigurationDelegate : Finished Spring Data repository scanning in 365 ms. Found 1 JPA repository interfaces.
2023-10-09 11:06:42.621  WARN 11992 --- [restartedMain] o.m.s.mapper.ClassPathMapperScanner      : No MyBatis mapper was found in '[com.ndgroups.pillars]' package. Please check your configuration.
2023-10-09 11:06:52.111  INFO 11992 --- [restartedMain] o.s.b.w.embedded.tomcat.TomcatWebServer  : Tomcat initialized with port(s): 8086 (http)
2023-10-09 11:06:52.477  INFO 11992 --- [restartedMain] o.apache.catalina.core.StandardService   : Starting service [Tomcat]
2023-10-09 11:06:52.489  INFO 11992 --- [restartedMain] org.apache.catalina.core.StandardEngine  : Starting Servlet engine: [Apache Tomcat/9.0.68]
2023-10-09 11:06:53.848  INFO 11992 --- [restartedMain] o.a.c.c.C.[Tomcat].[localhost].[/]       : Initializing Spring embedded WebApplicationContext
2023-10-09 11:06:53.851  INFO 11992 --- [restartedMain] w.s.c.ServletWebServerApplicationContext : Root WebApplicationContext: initialization completed in 20777 ms
2023-10-09 11:06:54.239  INFO 11992 --- [restartedMain] com.zaxxer.hikari.HikariDataSource       : HikariPool-1 - Starting...
2023-10-09 11:07:02.807  INFO 11992 --- [restartedMain] com.zaxxer.hikari.HikariDataSource       : HikariPool-1 - Start completed.
2023-10-09 11:07:02.885  INFO 11992 --- [restartedMain] o.s.b.a.h2.H2ConsoleAutoConfiguration    : H2 console available at '/h2-console'. Database available at 'jdbc:h2:C:/Users/Idokoken/Desktop/ict_exercise/sql/pillars'
2023-10-09 11:07:04.668  INFO 11992 --- [restartedMain] o.hibernate.jpa.internal.util.LogHelper  : HHH000204: Processing PersistenceUnitInfo [name: default]
2023-10-09 11:07:06.017  INFO 11992 --- [restartedMain] org.hibernate.Version                    : HHH000412: Hibernate ORM core version 5.6.12.Final
2023-10-09 11:07:07.457  INFO 11992 --- [restartedMain] o.hibernate.annotations.common.Version   : HCANN000001: Hibernate Commons Annotations {5.1.2.Final}
2023-10-09 11:07:09.470  INFO 11992 --- [restartedMain] org.hibernate.dialect.Dialect            : HHH000400: Using dialect: org.hibernate.dialect.H2Dialect
2023-10-09 11:07:14.017  INFO 11992 --- [restartedMain] o.h.e.t.j.p.i.JtaPlatformInitiator       : HHH000490: Using JtaPlatform implementation: [org.hibernate.engine.transaction.jta.platform.internal.NoJtaPlatform]
2023-10-09 11:07:14.040  INFO 11992 --- [restartedMain] j.LocalContainerEntityManagerFactoryBean : Initialized JPA EntityManagerFactory for persistence unit 'default'
2023-10-09 11:07:16.721  WARN 11992 --- [restartedMain] JpaBaseConfiguration$JpaWebConfiguration : spring.jpa.open-in-view is enabled by default. Therefore, database queries may be performed during view rendering. Explicitly configure spring.jpa.open-in-view to disable this warning
2023-10-09 11:07:17.801  INFO 11992 --- [restartedMain] o.s.b.a.w.s.WelcomePageHandlerMapping    : Adding welcome page template: index
2023-10-09 11:07:20.915  INFO 11992 --- [restartedMain] o.s.b.d.a.OptionalLiveReloadServer       : LiveReload server is running on port 35729
2023-10-09 11:07:21.282  INFO 11992 --- [restartedMain] o.s.b.w.embedded.tomcat.TomcatWebServer  : Tomcat started on port(s): 8086 (http) with context path ''
2023-10-09 11:07:21.339  INFO 11992 --- [restartedMain] com.ndgroups.pillars.PillarsApplication  : Started PillarsApplication in 54.132 seconds (JVM running for 64.632)
2023-10-09 11:07:37.203  INFO 11992 --- [http-nio-8086-exec-1] o.a.c.c.C.[Tomcat].[localhost].[/]       : Initializing Spring DispatcherServlet 'dispatcherServlet'
2023-10-09 11:07:37.234  INFO 11992 --- [http-nio-8086-exec-1] o.s.web.servlet.DispatcherServlet        : Initializing Servlet 'dispatcherServlet'
2023-10-09 11:07:37.268  INFO 11992 --- [http-nio-8086-exec-1] o.s.web.servlet.DispatcherServlet        : Completed initialization in 18 ms
2023-10-09 11:13:43.622  INFO 11992 --- [SpringApplicationShutdownHook] j.LocalContainerEntityManagerFactoryBean : Closing JPA EntityManagerFactory for persistence unit 'default'
2023-10-09 11:13:43.658  INFO 11992 --- [SpringApplicationShutdownHook] com.zaxxer.hikari.HikariDataSource       : HikariPool-1 - Shutdown initiated...
2023-10-09 11:13:43.673  INFO 11992 --- [SpringApplicationShutdownHook] com.zaxxer.hikari.HikariDataSource       : HikariPool-1 - Shutdown completed.
2023-10-09 11:13:59.238  INFO 8548 --- [restartedMain] com.ndgroups.pillars.PillarsApplication  : Starting PillarsApplication using Java 18.0.1.1 on DESKTOP-J6IUFTC with PID 8548 (C:\Users\Idokoken\Desktop\ict_exercise\projects\java\pillars\target\classes started by Idokoken in C:\Users\Idokoken\Desktop\ict_exercise\projects\java\pillars)
2023-10-09 11:13:59.243  INFO 8548 --- [restartedMain] com.ndgroups.pillars.PillarsApplication  : No active profile set, falling back to 1 default profile: "default"
2023-10-09 11:13:59.552  INFO 8548 --- [restartedMain] .e.DevToolsPropertyDefaultsPostProcessor : Devtools property defaults active! Set 'spring.devtools.add-properties' to 'false' to disable
2023-10-09 11:13:59.553  INFO 8548 --- [restartedMain] .e.DevToolsPropertyDefaultsPostProcessor : For additional web related logging consider setting the 'logging.level.web' property to 'DEBUG'
2023-10-09 11:14:04.129  INFO 8548 --- [restartedMain] .s.d.r.c.RepositoryConfigurationDelegate : Bootstrapping Spring Data JPA repositories in DEFAULT mode.
2023-10-09 11:14:04.395  INFO 8548 --- [restartedMain] .s.d.r.c.RepositoryConfigurationDelegate : Finished Spring Data repository scanning in 230 ms. Found 1 JPA repository interfaces.
2023-10-09 11:14:05.018  WARN 8548 --- [restartedMain] o.m.s.mapper.ClassPathMapperScanner      : No MyBatis mapper was found in '[com.ndgroups.pillars]' package. Please check your configuration.
2023-10-09 11:14:07.979  INFO 8548 --- [restartedMain] o.s.b.w.embedded.tomcat.TomcatWebServer  : Tomcat initialized with port(s): 8086 (http)
2023-10-09 11:14:08.042  INFO 8548 --- [restartedMain] o.apache.catalina.core.StandardService   : Starting service [Tomcat]
2023-10-09 11:14:08.045  INFO 8548 --- [restartedMain] org.apache.catalina.core.StandardEngine  : Starting Servlet engine: [Apache Tomcat/9.0.68]
2023-10-09 11:14:08.680  INFO 8548 --- [restartedMain] o.a.c.c.C.[Tomcat].[localhost].[/]       : Initializing Spring embedded WebApplicationContext
2023-10-09 11:14:08.681  INFO 8548 --- [restartedMain] w.s.c.ServletWebServerApplicationContext : Root WebApplicationContext: initialization completed in 9126 ms
2023-10-09 11:14:08.871  INFO 8548 --- [restartedMain] com.zaxxer.hikari.HikariDataSource       : HikariPool-1 - Starting...
2023-10-09 11:14:10.319  INFO 8548 --- [restartedMain] com.zaxxer.hikari.HikariDataSource       : HikariPool-1 - Start completed.
2023-10-09 11:14:10.407  INFO 8548 --- [restartedMain] o.s.b.a.h2.H2ConsoleAutoConfiguration    : H2 console available at '/h2-console'. Database available at 'jdbc:h2:C:/Users/Idokoken/Desktop/ict_exercise/sql/pillars'
2023-10-09 11:14:11.299  INFO 8548 --- [restartedMain] o.hibernate.jpa.internal.util.LogHelper  : HHH000204: Processing PersistenceUnitInfo [name: default]
2023-10-09 11:14:11.751  INFO 8548 --- [restartedMain] org.hibernate.Version                    : HHH000412: Hibernate ORM core version 5.6.12.Final
2023-10-09 11:14:12.760  INFO 8548 --- [restartedMain] o.hibernate.annotations.common.Version   : HCANN000001: Hibernate Commons Annotations {5.1.2.Final}
2023-10-09 11:14:13.482  INFO 8548 --- [restartedMain] org.hibernate.dialect.Dialect            : HHH000400: Using dialect: org.hibernate.dialect.H2Dialect
2023-10-09 11:14:16.238  INFO 8548 --- [restartedMain] o.h.e.t.j.p.i.JtaPlatformInitiator       : HHH000490: Using JtaPlatform implementation: [org.hibernate.engine.transaction.jta.platform.internal.NoJtaPlatform]
2023-10-09 11:14:16.263  INFO 8548 --- [restartedMain] j.LocalContainerEntityManagerFactoryBean : Initialized JPA EntityManagerFactory for persistence unit 'default'
2023-10-09 11:14:18.405  WARN 8548 --- [restartedMain] JpaBaseConfiguration$JpaWebConfiguration : spring.jpa.open-in-view is enabled by default. Therefore, database queries may be performed during view rendering. Explicitly configure spring.jpa.open-in-view to disable this warning
2023-10-09 11:14:19.124  INFO 8548 --- [restartedMain] o.s.b.a.w.s.WelcomePageHandlerMapping    : Adding welcome page template: index
2023-10-09 11:14:20.815  INFO 8548 --- [restartedMain] o.s.b.d.a.OptionalLiveReloadServer       : LiveReload server is running on port 35729
2023-10-09 11:14:20.957  INFO 8548 --- [restartedMain] o.s.b.w.embedded.tomcat.TomcatWebServer  : Tomcat started on port(s): 8086 (http) with context path ''
2023-10-09 11:14:21.014  INFO 8548 --- [restartedMain] com.ndgroups.pillars.PillarsApplication  : Started PillarsApplication in 23.696 seconds (JVM running for 26.866)
2023-10-09 11:14:49.518  INFO 8548 --- [http-nio-8086-exec-1] o.a.c.c.C.[Tomcat].[localhost].[/]       : Initializing Spring DispatcherServlet 'dispatcherServlet'
2023-10-09 11:14:49.524  INFO 8548 --- [http-nio-8086-exec-1] o.s.web.servlet.DispatcherServlet        : Initializing Servlet 'dispatcherServlet'
2023-10-09 11:14:49.532  INFO 8548 --- [http-nio-8086-exec-1] o.s.web.servlet.DispatcherServlet        : Completed initialization in 4 ms
2023-10-09 11:16:46.060  INFO 8548 --- [SpringApplicationShutdownHook] j.LocalContainerEntityManagerFactoryBean : Closing JPA EntityManagerFactory for persistence unit 'default'
2023-10-09 11:16:46.071  INFO 8548 --- [SpringApplicationShutdownHook] com.zaxxer.hikari.HikariDataSource       : HikariPool-1 - Shutdown initiated...
2023-10-09 11:16:46.104  INFO 8548 --- [SpringApplicationShutdownHook] com.zaxxer.hikari.HikariDataSource       : HikariPool-1 - Shutdown completed.
2023-10-09 11:16:57.952  INFO 11988 --- [restartedMain] com.ndgroups.pillars.PillarsApplication  : Starting PillarsApplication using Java 18.0.1.1 on DESKTOP-J6IUFTC with PID 11988 (C:\Users\Idokoken\Desktop\ict_exercise\projects\java\pillars\target\classes started by Idokoken in C:\Users\Idokoken\Desktop\ict_exercise\projects\java\pillars)
2023-10-09 11:16:57.957  INFO 11988 --- [restartedMain] com.ndgroups.pillars.PillarsApplication  : No active profile set, falling back to 1 default profile: "default"
2023-10-09 11:16:58.382  INFO 11988 --- [restartedMain] .e.DevToolsPropertyDefaultsPostProcessor : Devtools property defaults active! Set 'spring.devtools.add-properties' to 'false' to disable
2023-10-09 11:16:58.383  INFO 11988 --- [restartedMain] .e.DevToolsPropertyDefaultsPostProcessor : For additional web related logging consider setting the 'logging.level.web' property to 'DEBUG'
2023-10-09 11:17:02.817  INFO 11988 --- [restartedMain] .s.d.r.c.RepositoryConfigurationDelegate : Bootstrapping Spring Data JPA repositories in DEFAULT mode.
2023-10-09 11:17:03.049  INFO 11988 --- [restartedMain] .s.d.r.c.RepositoryConfigurationDelegate : Finished Spring Data repository scanning in 180 ms. Found 1 JPA repository interfaces.
2023-10-09 11:17:03.747  WARN 11988 --- [restartedMain] o.m.s.mapper.ClassPathMapperScanner      : No MyBatis mapper was found in '[com.ndgroups.pillars]' package. Please check your configuration.
2023-10-09 11:17:06.405  INFO 11988 --- [restartedMain] o.s.b.w.embedded.tomcat.TomcatWebServer  : Tomcat initialized with port(s): 8086 (http)
2023-10-09 11:17:06.437  INFO 11988 --- [restartedMain] o.apache.catalina.core.StandardService   : Starting service [Tomcat]
2023-10-09 11:17:06.444  INFO 11988 --- [restartedMain] org.apache.catalina.core.StandardEngine  : Starting Servlet engine: [Apache Tomcat/9.0.68]
2023-10-09 11:17:07.039  INFO 11988 --- [restartedMain] o.a.c.c.C.[Tomcat].[localhost].[/]       : Initializing Spring embedded WebApplicationContext
2023-10-09 11:17:07.041  INFO 11988 --- [restartedMain] w.s.c.ServletWebServerApplicationContext : Root WebApplicationContext: initialization completed in 8654 ms
2023-10-09 11:17:07.302  INFO 11988 --- [restartedMain] com.zaxxer.hikari.HikariDataSource       : HikariPool-1 - Starting...
2023-10-09 11:17:08.418  INFO 11988 --- [restartedMain] com.zaxxer.hikari.HikariDataSource       : HikariPool-1 - Start completed.
2023-10-09 11:17:08.466  INFO 11988 --- [restartedMain] o.s.b.a.h2.H2ConsoleAutoConfiguration    : H2 console available at '/h2-console'. Database available at 'jdbc:h2:C:/Users/Idokoken/Desktop/ict_exercise/sql/pillars'
2023-10-09 11:17:09.482  INFO 11988 --- [restartedMain] o.hibernate.jpa.internal.util.LogHelper  : HHH000204: Processing PersistenceUnitInfo [name: default]
2023-10-09 11:17:09.810  INFO 11988 --- [restartedMain] org.hibernate.Version                    : HHH000412: Hibernate ORM core version 5.6.12.Final
2023-10-09 11:17:10.449  INFO 11988 --- [restartedMain] o.hibernate.annotations.common.Version   : HCANN000001: Hibernate Commons Annotations {5.1.2.Final}
2023-10-09 11:17:11.053  INFO 11988 --- [restartedMain] org.hibernate.dialect.Dialect            : HHH000400: Using dialect: org.hibernate.dialect.H2Dialect
2023-10-09 11:17:13.092  INFO 11988 --- [restartedMain] o.h.e.t.j.p.i.JtaPlatformInitiator       : HHH000490: Using JtaPlatform implementation: [org.hibernate.engine.transaction.jta.platform.internal.NoJtaPlatform]
2023-10-09 11:17:13.122  INFO 11988 --- [restartedMain] j.LocalContainerEntityManagerFactoryBean : Initialized JPA EntityManagerFactory for persistence unit 'default'
2023-10-09 11:17:14.910  WARN 11988 --- [restartedMain] JpaBaseConfiguration$JpaWebConfiguration : spring.jpa.open-in-view is enabled by default. Therefore, database queries may be performed during view rendering. Explicitly configure spring.jpa.open-in-view to disable this warning
2023-10-09 11:17:15.713  INFO 11988 --- [restartedMain] o.s.b.a.w.s.WelcomePageHandlerMapping    : Adding welcome page template: index
2023-10-09 11:17:17.390  INFO 11988 --- [restartedMain] o.s.b.d.a.OptionalLiveReloadServer       : LiveReload server is running on port 35729
2023-10-09 11:17:17.532  INFO 11988 --- [restartedMain] o.s.b.w.embedded.tomcat.TomcatWebServer  : Tomcat started on port(s): 8086 (http) with context path ''
2023-10-09 11:17:17.586  INFO 11988 --- [restartedMain] com.ndgroups.pillars.PillarsApplication  : Started PillarsApplication in 21.235 seconds (JVM running for 23.357)
2023-10-09 11:17:29.885  INFO 11988 --- [http-nio-8086-exec-1] o.a.c.c.C.[Tomcat].[localhost].[/]       : Initializing Spring DispatcherServlet 'dispatcherServlet'
2023-10-09 11:17:29.906  INFO 11988 --- [http-nio-8086-exec-1] o.s.web.servlet.DispatcherServlet        : Initializing Servlet 'dispatcherServlet'
2023-10-09 11:17:29.944  INFO 11988 --- [http-nio-8086-exec-1] o.s.web.servlet.DispatcherServlet        : Completed initialization in 3 ms
2023-10-09 11:51:09.505  INFO 11988 --- [SpringApplicationShutdownHook] j.LocalContainerEntityManagerFactoryBean : Closing JPA EntityManagerFactory for persistence unit 'default'
2023-10-09 11:51:09.616  INFO 11988 --- [SpringApplicationShutdownHook] com.zaxxer.hikari.HikariDataSource       : HikariPool-1 - Shutdown initiated...
2023-10-09 11:51:09.627  INFO 11988 --- [SpringApplicationShutdownHook] com.zaxxer.hikari.HikariDataSource       : HikariPool-1 - Shutdown completed.
2023-10-09 11:51:26.829  INFO 13412 --- [restartedMain] com.ndgroups.pillars.PillarsApplication  : Starting PillarsApplication using Java 18.0.1.1 on DESKTOP-J6IUFTC with PID 13412 (C:\Users\Idokoken\Desktop\ict_exercise\projects\java\pillars\target\classes started by Idokoken in C:\Users\Idokoken\Desktop\ict_exercise\projects\java\pillars)
2023-10-09 11:51:26.833  INFO 13412 --- [restartedMain] com.ndgroups.pillars.PillarsApplication  : No active profile set, falling back to 1 default profile: "default"
2023-10-09 11:51:27.190  INFO 13412 --- [restartedMain] .e.DevToolsPropertyDefaultsPostProcessor : Devtools property defaults active! Set 'spring.devtools.add-properties' to 'false' to disable
2023-10-09 11:51:27.190  INFO 13412 --- [restartedMain] .e.DevToolsPropertyDefaultsPostProcessor : For additional web related logging consider setting the 'logging.level.web' property to 'DEBUG'
2023-10-09 11:51:31.206  INFO 13412 --- [restartedMain] .s.d.r.c.RepositoryConfigurationDelegate : Bootstrapping Spring Data JPA repositories in DEFAULT mode.
2023-10-09 11:51:31.470  INFO 13412 --- [restartedMain] .s.d.r.c.RepositoryConfigurationDelegate : Finished Spring Data repository scanning in 228 ms. Found 1 JPA repository interfaces.
2023-10-09 11:51:32.170  WARN 13412 --- [restartedMain] o.m.s.mapper.ClassPathMapperScanner      : No MyBatis mapper was found in '[com.ndgroups.pillars]' package. Please check your configuration.
2023-10-09 11:51:35.562  INFO 13412 --- [restartedMain] o.s.b.w.embedded.tomcat.TomcatWebServer  : Tomcat initialized with port(s): 8086 (http)
2023-10-09 11:51:35.645  INFO 13412 --- [restartedMain] o.apache.catalina.core.StandardService   : Starting service [Tomcat]
2023-10-09 11:51:35.647  INFO 13412 --- [restartedMain] org.apache.catalina.core.StandardEngine  : Starting Servlet engine: [Apache Tomcat/9.0.68]
2023-10-09 11:51:36.169  INFO 13412 --- [restartedMain] o.a.c.c.C.[Tomcat].[localhost].[/]       : Initializing Spring embedded WebApplicationContext
2023-10-09 11:51:36.170  INFO 13412 --- [restartedMain] w.s.c.ServletWebServerApplicationContext : Root WebApplicationContext: initialization completed in 8978 ms
2023-10-09 11:51:36.343  INFO 13412 --- [restartedMain] com.zaxxer.hikari.HikariDataSource       : HikariPool-1 - Starting...
2023-10-09 11:51:37.506  INFO 13412 --- [restartedMain] com.zaxxer.hikari.HikariDataSource       : HikariPool-1 - Start completed.
2023-10-09 11:51:37.573  INFO 13412 --- [restartedMain] o.s.b.a.h2.H2ConsoleAutoConfiguration    : H2 console available at '/h2-console'. Database available at 'jdbc:h2:C:/Users/Idokoken/Desktop/ict_exercise/sql/pillars'
2023-10-09 11:51:38.678  INFO 13412 --- [restartedMain] o.hibernate.jpa.internal.util.LogHelper  : HHH000204: Processing PersistenceUnitInfo [name: default]
2023-10-09 11:51:39.167  INFO 13412 --- [restartedMain] org.hibernate.Version                    : HHH000412: Hibernate ORM core version 5.6.12.Final
2023-10-09 11:51:40.214  INFO 13412 --- [restartedMain] o.hibernate.annotations.common.Version   : HCANN000001: Hibernate Commons Annotations {5.1.2.Final}
2023-10-09 11:51:40.862  INFO 13412 --- [restartedMain] org.hibernate.dialect.Dialect            : HHH000400: Using dialect: org.hibernate.dialect.H2Dialect
2023-10-09 11:51:43.813  INFO 13412 --- [restartedMain] o.h.e.t.j.p.i.JtaPlatformInitiator       : HHH000490: Using JtaPlatform implementation: [org.hibernate.engine.transaction.jta.platform.internal.NoJtaPlatform]
2023-10-09 11:51:43.864  INFO 13412 --- [restartedMain] j.LocalContainerEntityManagerFactoryBean : Initialized JPA EntityManagerFactory for persistence unit 'default'
2023-10-09 11:51:46.257  WARN 13412 --- [restartedMain] JpaBaseConfiguration$JpaWebConfiguration : spring.jpa.open-in-view is enabled by default. Therefore, database queries may be performed during view rendering. Explicitly configure spring.jpa.open-in-view to disable this warning
2023-10-09 11:51:46.875  INFO 13412 --- [restartedMain] o.s.b.a.w.s.WelcomePageHandlerMapping    : Adding welcome page template: index
2023-10-09 11:51:48.789  INFO 13412 --- [restartedMain] o.s.b.d.a.OptionalLiveReloadServer       : LiveReload server is running on port 35729
2023-10-09 11:51:48.924  INFO 13412 --- [restartedMain] o.s.b.w.embedded.tomcat.TomcatWebServer  : Tomcat started on port(s): 8086 (http) with context path ''
2023-10-09 11:51:48.963  INFO 13412 --- [restartedMain] com.ndgroups.pillars.PillarsApplication  : Started PillarsApplication in 23.741 seconds (JVM running for 26.009)
2023-10-09 11:52:10.293  INFO 13412 --- [http-nio-8086-exec-1] o.a.c.c.C.[Tomcat].[localhost].[/]       : Initializing Spring DispatcherServlet 'dispatcherServlet'
2023-10-09 11:52:10.330  INFO 13412 --- [http-nio-8086-exec-1] o.s.web.servlet.DispatcherServlet        : Initializing Servlet 'dispatcherServlet'
2023-10-09 11:52:10.357  INFO 13412 --- [http-nio-8086-exec-1] o.s.web.servlet.DispatcherServlet        : Completed initialization in 10 ms
